Resolved "production" environment for the build. Learn more: https://docs.expo.dev/eas/environment-variables/#setting-the-environment-for-your-builds
No environment variables with visibility "Plain text" and "Sensitive" found for the "production" environment on EAS.

- Incrementing versionCode from 6 to 7.
✔ Incremented versionCode from 6 to 7.
✔ Using remote Android credentials (Expo server)
✔ Using Keystore from configuration: Build Credentials BSe3p4EOqk (default)
ANDROID_NDK_HOME environment variable was not specified, continuing build without NDK
[SETUP_WORKINGDIR] Preparing workingdir /tmp/chelokot/eas-build-local-nodejs/1a4c8184-aa56-47be-8319-be5cbe0d3d32
[START_BUILD] Starting build
  "job": {
    "type": "managed",
    "platform": "android",
    "projectRootDirectory": ".",
    "projectArchive": {
      "type": "PATH",
      "path": "/tmp/chelokot/eas-cli-nodejs/21614bd2-d454-4e85-8055-c8b3fd15b902.tar.gz"
    },
    "builderEnvironment": {
      "env": {}
    },
    "cache": {
      "disabled": false,
      "paths": [],
      "clear": false
    },
    "updates": {},
    "username": "chipichapacorp",
    "version": {
      "versionCode": "7"
    },
    "experimental": {},
    "mode": "build",
    "triggeredBy": "EAS_CLI",
    "appId": "9cc32638-29cb-42e9-8e8e-400de56278c5",
    "initiatingUserId": "29ae1f45-2bc4-4b08-b62c-b02b61e42451"
  }
[READ_PACKAGE_JSON] Using package.json:
[READ_PACKAGE_JSON] {
  "name": "ruvia",
  "version": "0.1.0",
  "private": true,
  "main": "index.js",
  "scripts": {
    "prestart": "npm run generate:styles",
    "start": "expo start",
    "preandroid": "npm run generate:styles",
    "android": "expo run:android",
    "preios": "npm run generate:styles",
    "ios": "expo run:ios",
    "preweb": "npm run generate:styles",
    "web": "expo start --web",
    "test": "jest",
    "generate:styles": "node scripts/generate-styles.js",
    "images:webp": "node scripts/convert-to-webp.js",
    "expo:assets": "node scripts/generate-missing-expo-assets.js"
  },
  "dependencies": {
    "@react-native-async-storage/async-storage": "1.23.1",
    "expo": "~51.0.22",
    "expo-auth-session": "~5.5.2",
    "expo-camera": "~15.0.14",
    "expo-file-system": "~17.0.1",
    "expo-image-picker": "~15.1.0",
    "expo-in-app-purchases": "^14.5.0",
    "expo-linear-gradient": "~13.0.2",
    "expo-media-library": "~16.0.3",
    "expo-notifications": "~0.28.15",
    "expo-router": "~3.5.14",
    "expo-status-bar": "~1.12.1",
    "expo-web-browser": "~13.0.3",
    "firebase": "^10.12.2",
    "react": "18.2.0",
    "react-dom": "18.2.0",
    "react-native": "0.74.5",
    "react-native-gesture-handler": "~2.16.1",
    "react-native-reanimated": "~3.10.1",
    "react-native-safe-area-context": "4.10.5",
    "react-native-screens": "~3.31.1",
    "react-native-svg": "15.2.0",
    "react-native-web": "0.19.13",
    "sharp": "^0.33.5",
    "expo-constants": "~16.0.0",
    "expo-linking": "~6.3.0"
  },
  "devDependencies": {
    "@babel/core": "^7.25.2",
    "@testing-library/react-native": "^12.5.3",
    "@types/jest": "^29.5.12",
    "@types/react": "~18.2.79",
    "babel-jest": "^29.7.0",
    "jest": "^29.7.0",
    "react-test-renderer": "18.2.0",
    "typescript": "~5.3.3"
  },
  "jest": {
    "preset": "react-native",
    "setupFilesAfterEnv": [
      "<rootDir>/test/setup.ts"
    ],
    "transformIgnorePatterns": [
      "node_modules/(?!((jest-)?react-native|@react-native|react-clone-referenced-element|@react-native-community|expo(nent)?|@expo(nent)?/.*|expo-.*|@expo/.*|@unimodules/.*|unimodules|sentry-expo|native-base|react-native-svg|react-native-reanimated)/)"
    ]
  }
}
[INSTALL_DEPENDENCIES] Running "npm install" in /tmp/chelokot/eas-build-local-nodejs/1a4c8184-aa56-47be-8319-be5cbe0d3d32/build directory
[INSTALL_DEPENDENCIES] npm warn deprecated osenv@0.1.5: This package is no longer supported.
[INSTALL_DEPENDENCIES] npm warn deprecated inflight@1.0.6: This module is not supported, and leaks memory. Do not use it. Check out lru-cache if you want a good and tested way to coalesce async requests by a key value, which is much more comprehensive and powerful.
[INSTALL_DEPENDENCIES] npm warn deprecated @babel/plugin-proposal-optional-catch-binding@7.18.6: This proposal has been merged to the ECMAScript standard and thus this plugin is no longer maintained. Please use @babel/plugin-transform-optional-catch-binding instead.
[INSTALL_DEPENDENCIES] npm warn deprecated @babel/plugin-proposal-numeric-separator@7.18.6: This proposal has been merged to the ECMAScript standard and thus this plugin is no longer maintained. Please use @babel/plugin-transform-numeric-separator instead.
[INSTALL_DEPENDENCIES] npm warn deprecated @babel/plugin-proposal-nullish-coalescing-operator@7.18.6: This proposal has been merged to the ECMAScript standard and thus this plugin is no longer maintained. Please use @babel/plugin-transform-nullish-coalescing-operator instead.
[INSTALL_DEPENDENCIES] npm warn deprecated @babel/plugin-proposal-class-properties@7.18.6: This proposal has been merged to the ECMAScript standard and thus this plugin is no longer maintained. Please use @babel/plugin-transform-class-properties instead.
[INSTALL_DEPENDENCIES] npm warn deprecated @babel/plugin-proposal-logical-assignment-operators@7.20.7: This proposal has been merged to the ECMAScript standard and thus this plugin is no longer maintained. Please use @babel/plugin-transform-logical-assignment-operators instead.
[INSTALL_DEPENDENCIES] npm warn deprecated rimraf@2.6.3: Rimraf versions prior to v4 are no longer supported
[INSTALL_DEPENDENCIES] npm warn deprecated rimraf@3.0.2: Rimraf versions prior to v4 are no longer supported
[INSTALL_DEPENDENCIES] npm warn deprecated @babel/plugin-proposal-optional-chaining@7.21.0: This proposal has been merged to the ECMAScript standard and thus this plugin is no longer maintained. Please use @babel/plugin-transform-optional-chaining instead.
[INSTALL_DEPENDENCIES] npm warn deprecated @babel/plugin-proposal-async-generator-functions@7.20.7: This proposal has been merged to the ECMAScript standard and thus this plugin is no longer maintained. Please use @babel/plugin-transform-async-generator-functions instead.
[INSTALL_DEPENDENCIES] npm warn deprecated glob@7.2.3: Glob versions prior to v9 are no longer supported
[INSTALL_DEPENDENCIES] npm warn deprecated sudo-prompt@9.2.1: Package no longer supported. Contact Support at https://www.npmjs.com/support for more info.
[INSTALL_DEPENDENCIES] npm warn deprecated querystring@0.2.1: The querystring API is considered Legacy. new code should use the URLSearchParams API instead.
[INSTALL_DEPENDENCIES] npm warn deprecated @babel/plugin-proposal-object-rest-spread@7.20.7: This proposal has been merged to the ECMAScript standard and thus this plugin is no longer maintained. Please use @babel/plugin-transform-object-rest-spread instead.
[INSTALL_DEPENDENCIES] npm warn deprecated glob@7.1.6: Glob versions prior to v9 are no longer supported
[INSTALL_DEPENDENCIES] npm warn deprecated glob@7.1.6: Glob versions prior to v9 are no longer supported
[INSTALL_DEPENDENCIES] npm warn deprecated glob@7.1.6: Glob versions prior to v9 are no longer supported
[INSTALL_DEPENDENCIES] npm warn deprecated @xmldom/xmldom@0.7.13: this version is no longer supported, please update to at least 0.8.*
[INSTALL_DEPENDENCIES] added 1635 packages, and audited 1844 packages in 8s
[INSTALL_DEPENDENCIES] 256 packages are looking for funding
[INSTALL_DEPENDENCIES]   run `npm fund` for details
[INSTALL_DEPENDENCIES] 13 vulnerabilities (3 low, 10 moderate)
[INSTALL_DEPENDENCIES] 
[INSTALL_DEPENDENCIES] To address issues that do not require attention, run:
[INSTALL_DEPENDENCIES]   npm audit fix
[INSTALL_DEPENDENCIES] 
[INSTALL_DEPENDENCIES] To address all issues (including breaking changes), run:
[INSTALL_DEPENDENCIES]   npm audit fix --force
[INSTALL_DEPENDENCIES] 
[INSTALL_DEPENDENCIES] Run `npm audit` for details.
The NODE_ENV environment variable is required but was not specified. Ensure the project is bundled with Expo CLI or NODE_ENV is set.
Proceeding without mode-specific .env
[READ_APP_CONFIG] Using app configuration:
[READ_APP_CONFIG] {
  "name": "Ruvia",
  "slug": "ruvia",
  "scheme": "ruvia",
  "version": "0.1.0",
  "orientation": "portrait",
  "icon": "./assets/icon.png",
  "userInterfaceStyle": "dark",
  "web": {
    "bundler": "metro",
    "output": "static"
  },
  "plugins": [
    "expo-router",
    [
      "expo-notifications",
      {
        "icon": "./assets/notification-icon.png"
      }
    ],
    "expo-camera",
    "expo-media-library"
  ],
  "android": {
    "package": "com.ruvia.app",
    "permissions": [
      "android.permission.CAMERA",
      "android.permission.RECORD_AUDIO",
      "android.permission.READ_EXTERNAL_STORAGE",
      "android.permission.WRITE_EXTERNAL_STORAGE"
    ],
    "adaptiveIcon": {
      "foregroundImage": "./assets/adaptive-icon-foreground.png",
      "backgroundColor": "#000000",
      "monochromeImage": "./assets/adaptive-icon-monochrome.png"
    }
  },
  "extra": {
    "router": {
      "origin": false
    },
    "eas": {
      "projectId": "9cc32638-29cb-42e9-8e8e-400de56278c5"
    }
  },
  "owner": "chipichapacorp",
  "sdkVersion": "51.0.0",
  "platforms": [
    "ios",
    "android",
    "web"
  ]
}
[RUN_EXPO_DOCTOR] Running "expo doctor"
[RUN_EXPO_DOCTOR] Running 16 checks on your project...
[RUN_EXPO_DOCTOR] 16/16 checks passed. No issues detected!
[PREBUILD] - Creating native directory (./android)
[PREBUILD] ✔ Created native directory
[PREBUILD] - Updating package.json
[PREBUILD] ✔ Updated package.json | no changes
[PREBUILD] - Running prebuild
[PREBUILD] » android: userInterfaceStyle: Install expo-system-ui in your project to enable this feature.
[PREBUILD] - Running prebuild
[PREBUILD] ✔ Finished prebuild
[PREBUILD] Running "npm install" in /tmp/chelokot/eas-build-local-nodejs/1a4c8184-aa56-47be-8319-be5cbe0d3d32/build directory
[PREBUILD] up to date, audited 1844 packages in 2s
[PREBUILD] 256 packages are looking for funding
[PREBUILD]   run `npm fund` for details
[PREBUILD] 13 vulnerabilities (3 low, 10 moderate)
[PREBUILD] 
[PREBUILD] To address issues that do not require attention, run:
[PREBUILD]   npm audit fix
[PREBUILD] 
[PREBUILD] To address all issues (including breaking changes), run:
[PREBUILD]   npm audit fix --force
[PREBUILD] 
[PREBUILD] Run `npm audit` for details.
[PREPARE_CREDENTIALS] Writing secrets to the project's directory
[PREPARE_CREDENTIALS] Injecting signing config into build.gradle
[RUN_GRADLEW] Running 'gradlew :app:bundleRelease' in /tmp/chelokot/eas-build-local-nodejs/1a4c8184-aa56-47be-8319-be5cbe0d3d32/build/android
[RUN_GRADLEW] > Task :gradle-plugin:settings-plugin:checkKotlinGradlePluginConfigurationErrors
[RUN_GRADLEW] > Task :gradle-plugin:settings-plugin:pluginDescriptors
[RUN_GRADLEW] > Task :gradle-plugin:settings-plugin:processResources
[RUN_GRADLEW] > Task :gradle-plugin:settings-plugin:compileKotlin
[RUN_GRADLEW] > Task :gradle-plugin:settings-plugin:compileJava NO-SOURCE
[RUN_GRADLEW] > Task :gradle-plugin:settings-plugin:classes
[RUN_GRADLEW] > Task :gradle-plugin:settings-plugin:jar
[RUN_GRADLEW] > Task :gradle-plugin:react-native-gradle-plugin:checkKotlinGradlePluginConfigurationErrors
[RUN_GRADLEW] > Task :gradle-plugin:react-native-gradle-plugin:pluginDescriptors
[RUN_GRADLEW] > Task :gradle-plugin:react-native-gradle-plugin:processResources
[RUN_GRADLEW] > Task :gradle-plugin:react-native-gradle-plugin:compileKotlin
[RUN_GRADLEW] > Task :gradle-plugin:react-native-gradle-plugin:compileJava NO-SOURCE
[RUN_GRADLEW] > Task :gradle-plugin:react-native-gradle-plugin:classes
[RUN_GRADLEW] > Task :gradle-plugin:react-native-gradle-plugin:jar
[RUN_GRADLEW] FAILURE: Build completed with 2 failures.
[RUN_GRADLEW] 1: Task failed with an exception.
[RUN_GRADLEW] -----------
[RUN_GRADLEW] * Where:
[RUN_GRADLEW] Script '/tmp/chelokot/eas-build-local-nodejs/1a4c8184-aa56-47be-8319-be5cbe0d3d32/build/node_modules/expo-modules-autolinking/scripts/android/autolinking_implementation.gradle' line: 408
[RUN_GRADLEW] * What went wrong:
[RUN_GRADLEW] A problem occurred evaluating project ':expo'.
[RUN_GRADLEW] > A problem occurred configuring project ':expo-modules-core'.
[RUN_GRADLEW]    > SDK location not found. Define a valid SDK location with an ANDROID_HOME environment variable or by setting the sdk.dir path in your project's local properties file at '/tmp/chelokot/eas-build-local-nodejs/1a4c8184-aa56-47be-8319-be5cbe0d3d32/build/android/local.properties'.
[RUN_GRADLEW] * Try:
[RUN_GRADLEW] > Run with --stacktrace option to get the stack trace.
[RUN_GRADLEW] > Run with --info or --debug option to get more log output.
[RUN_GRADLEW] > Run with --scan to get full insights.
[RUN_GRADLEW] > Get more help at https://help.gradle.org.
[RUN_GRADLEW] ==============================================================================
[RUN_GRADLEW] 2: Task failed with an exception.
[RUN_GRADLEW] -----------
[RUN_GRADLEW] * Where:
[RUN_GRADLEW] Script '/tmp/chelokot/eas-build-local-nodejs/1a4c8184-aa56-47be-8319-be5cbe0d3d32/build/node_modules/expo-modules-core/android/ExpoModulesCorePlugin.gradle' line: 85
[RUN_GRADLEW] * What went wrong:
[RUN_GRADLEW] A problem occurred configuring project ':expo'.
[RUN_GRADLEW] > Could not get unknown property 'release' for SoftwareComponent container of type org.gradle.api.internal.component.DefaultSoftwareComponentContainer.
[RUN_GRADLEW] * Try:
[RUN_GRADLEW] > Run with --stacktrace option to get the stack trace.
[RUN_GRADLEW] > Run with --info or --debug option to get more log output.
[RUN_GRADLEW] > Run with --scan to get full insights.
[RUN_GRADLEW] > Get more help at https://help.gradle.org.
[RUN_GRADLEW] ==============================================================================
[RUN_GRADLEW] BUILD FAILED in 14s
[RUN_GRADLEW] 10 actionable tasks: 10 executed
[RUN_GRADLEW] Error: Gradle build failed with unknown error. See logs for the "Run gradlew" phase for more information.

Build failed
Gradle build failed with unknown error. See logs for the "Run gradlew" phase for more information.
npx -y eas-cli-local-build-plugin@1.0.171 eyJqb2IiOnsidHlwZSI6Im1hbmFnZWQiLCJwbGF0Zm9ybSI6ImFuZHJvaWQiLCJwcm9qZWN0Um9vdERpcmVjdG9yeSI6Ii4iLCJwcm9qZWN0QXJjaGl2ZSI6eyJ0eXBlIjoiUEFUSCIsInBhdGgiOiIvdG1wL2NoZWxva290L2Vhcy1jbGktbm9kZWpzLzIxNjE0YmQyLWQ0NTQtNGU4NS04MDU1LWM4YjNmZDE1YjkwMi50YXIuZ3oifSwiYnVpbGRlckVudmlyb25tZW50Ijp7ImVudiI6e319LCJjYWNoZSI6eyJkaXNhYmxlZCI6ZmFsc2UsInBhdGhzIjpbXSwiY2xlYXIiOmZhbHNlfSwic2VjcmV0cyI6eyJidWlsZENyZWRlbnRpYWxzIjp7ImtleXN0b3JlIjp7ImRhdGFCYXNlNjQiOiIvdTMrN1FBQUFBSUFBQUFCQUFBQUFRQWdPVGN6TlRJNU9EQTFaRFpsTldaa1pqRmxOak0zWm1WbU16TTNNamcxWWpNQUFBR1kvNDVHTEFBQUJQNHdnZ1Q2TUF3R0Npc0dBUVFCS2dJUkFRRUVnZ1Rvc2Ixa0ZSV3BOMDJpdEpNWnRoNEYzWXFXQkROZ1ZjZDZEQjZ5WW1nZDY4QkwwdzdCdTRXS1l3dDF4MUI5VlMrL3R6QTdPYVUrWHZ2VUJZYjFndmFlcXJiYU1EV2NBVUZpZzhvSG5VREZIbk45N1dmS0E2Mk9sMUs5dzFxWTFFbFc5emM1WE5zU2NGOFBjR2ZyMHBobElMVHNEckVKNHNuUkdYamx0Yi9nODJTNURRcUZDVnpKVWt3UGh0Um1qTW9BQ1RlSmlScjdoNHAxcnFOTGUwY2xrcUk4WGc3b3h1a1poMHpwWG1IVnBTckdYbWZSSi9XR1VYZTdabFltbWN5N1ByRDZjODR2dU0yL2pvenkzUjIyT1U4cDA3VXkrRStDOGhBWWlVaVJzNXJPY0pKR29KamF6WjZ4THNSYWw2UnUvREJtNHFqaEdrUmNLVnZvZlJPU3RlbVdtaURDbGdUVUNwcHY4OHJnUzJMcjlBQVFaZW9qQUluRzRMWGEyb3Z4NVIyUkdxRVNTTkhCajdwOHc4emZIUkFwRG5GT0g5eG1oS0hUaGhDTVZjcXVmYmFFc3FoWUNaREd3bXR2RXEvT1BzK0hpY2ZyWGE3M1dHY0k4bFBEZjE3Zi9VUjRnbUlUdVRBQklCQnRoOGpIUjhkTnJmOEdmZ3JaZ1lHSGZFMGhiZnJNT0g5RUxicmo4R3drNGo0UHIyQ0FxMktkYmloWU8rN0JVY21LRlVDOGNUNnh4RU50eTMyZmtYUncrNjlJMnVzZTNwT24ybVZoY0FpMTljZ0Z4citoR2VkdW9VQXk4UmJnTUVnSDFUa2FSdUIvZFhXbkRvOFBTU0FoNGgvQ3FNMjhlNlI3TmN6bXNUZ214U3hSWlhSZ2VSaVowVUl6czR3ai80YUtLYllHUE14Q2xaRGZSRkRsRkdYUnpLa1FaaC94TlA3WXRiak9ETXFpOFplMHpvRGMrRXhacll4Uy8zRGFveW5IYzZIMndPUzM1TzF0QnllNXJkeGo4eEVTc25xaHJNTzJmSGF5bmVCR3BBb2tHZ0hvWCtaOEgvbVBlMUVHRE4vdkRpVTlkRWU1R0JnT0xQUlpQZ2VLa1I1WVFrSFRKUVR1UW45MHE1blVlckQ1VUk0Z0FUVGJQblhrVG11NVA1Z2ZiNkxVTGdXUXNOWW44TGR4TGhaUS93VXB4YnphYmdBUjdCTXB4U0FmUW5HWHNOY2xRWDllZysvR1paUzdXT0FTTEU1dU9JSWlnZTNsWFZyNythSktwajgzMGRjTm1BQlZtKzdHbkxTL1YxYUxyQnZiOHRqb1k1TXF2b2R3TlU0YmVpRjhXNjNsSEtsdzdEcGE2OGwvRFE4ZmM2VG11OEdFdGlJaTA2a015VHJhTTFNVEZ4eHpJMDBpbWJXcEJoNlRPUGpzYXNscjkxMVpqQzVTQ2I0UzcrazRMVWJSNFZVa05pS3lOT25DSlUzdUFQRmcyWjVHNzVCS3FVVnhRV20ySlJvSmxFbkpjRG5VR3ZCcktXVzdsNENtcFFzYjFTQ3R2eVd0dmdRSmxkOUVUUk5JN2JzNHQ1K0NreG1UTTExUi9KMmlyMHdKOHRCaTd2engxTG1GVjNDUXNjRzIyeU1LelN5QWM3cFFCWStUMGJnY3QrSDBrbWVhZlpKb25IeSszVnErQUhBSkJPY1c2SXFFdWJrN21LeFo2dWJaVHFCdll4UTJwMm50N0ZqUzB2S2gvZGlzb29LcXlmZ0xHT3EzSXJIU1IxdFhnazdPallpUm9Hd3l5RmR2NXpVMFRIdVVJSHF2MTFFYWFjMFJUMms3YWJGT29BRmRYUCt6QXNhdG5pdGRGZ1lLbHAxeU15YU1vdHFKbTNzWjZMcm5mcXJmdVhuN3hFckxMYWtlaWtlRy9uT2dOSlBySXBNQVJmWEs0N2ZxTkdFL0ROQWVSeEhQTGdMNHFZUVFYL1oyVm1WN2ZBaWtKbWZXTlluQitTeCtlOFJGdzNvZ2dJeWtKdEg5bTNEaWI0R0Y1cXJUUGZmV2xmQjk4YktNNEdDTFBEdjg2V0hvcnBMelc5ZWVabUtNTnhpNG94N3pnUGFHL0FOdlFOK0xaeE5IM281OWNaZ000RjRVZ0RMblVubSthZWkramhORjVVSHdNdzNtampuSDVTUmRWdkNyN2s1d0VXUWgveitqQUxpZUVaSEo3NjVpTzNiRlY0OWJ2SnJ0ck1NTlp4MEFBQUFCQUFWWUxqVXdPUUFBQXpJd2dnTXVNSUlDRnFBREFnRUNBZ2tBbXBoSUVzNE9mTjB3RFFZSktvWklodmNOQVFFTUJRQXdSREVMTUFrR0ExVUVCaE1DVlZNeENUQUhCZ05WQkFnVEFERUpNQWNHQTFVRUJ4TUFNUWt3QndZRFZRUUtFd0F4Q1RBSEJnTlZCQXNUQURFSk1BY0dBMVVFQXhNQU1DQVhEVEkxTURnek1UQTVOVFl4TUZvWUR6SXdOVE13TVRFMk1EazFOakV3V2pCRU1Rc3dDUVlEVlFRR0V3SlZVekVKTUFjR0ExVUVDQk1BTVFrd0J3WURWUVFIRXdBeENUQUhCZ05WQkFvVEFERUpNQWNHQTFVRUN4TUFNUWt3QndZRFZRUURFd0F3Z2dFaU1BMEdDU3FHU0liM0RRRUJBUVVBQTRJQkR3QXdnZ0VLQW9JQkFRQ3dQSWdDY0hmUjJHQWE3MUc1K3ppQjUydzZlUjJwRE5Pa0phRTJEb3pTSU1hZTRYRzVieXJOd0FiNkI0aHQzTzV1aHJYT1dPTysxRGZRVnBXcFdQVHAyMi9ZdjUvVGVSL2xqazVZaDJ4MzBmRFp2Y2s3c3JpRytKUUxrbThxYitrTTVIU0U2VlNSMjBEenpCVG9nVDNEMnltekdFTVVPeWQvTlFDTE4rTTBWZkNleVhJWW1ycm04VGVIdE5qWWFDN0haUHc1L1Y5dlI5ZWVsRnVCYlVQMWo1ckhUTWduUEtBQnJadW9YWFVXdGphbVgwSFV5UWhTTGNidzliWUx1OVhhaHJ3SmlQc3NtYzBjYmd1dFJxckExZFh1TEtSd1NLS05DSEdkcHlaRFMwZS92RUlwT21WSitYMjM1bTM3bE1QRk13ZFhOK3NYZVZNVUI2MzRXczRUQWdNQkFBR2pJVEFmTUIwR0ExVWREZ1FXQkJUTURzQ2w3M1Z3QVd3Z1d4NnBoZ2VLV0p1VGtEQU5CZ2txaGtpRzl3MEJBUXdGQUFPQ0FRRUFPaXpCeTlyOXdKWUplTG9LbjFuSVhhVmVQSG94OG9kRm1XR2ltMzJjVFlpZGRuZ011MkhaNGZzb0t2NXFzRjcrNU5zRTZqZHNCOWNCaTc2T2k3dEphRlZKYmsxQmpZdFZWQ00wMTRGckdyTlAreEdrK3F1Ym4vRGVpOG9SY0ZYVTMycTNBT1pEWTVhV0UrN3BEK3M5Y0x6MEZNRnFoaWxRNzRYQmE0RU51czBscnk4QlpTajkvSklNelE5WDVVWGxYYWIyQ2FHU3VSVXdrM2hzNi9VNUY5WEN0bGNhTHZYekxCQWEyK1pXNTRVZHg2bFJuNjZQY3lxVnZvUWJ2VUtjMzIvVDlqN0xmOWVsZ1NyZ09hTnU0bkxMYWdMZ3RIdXhmcERvQ2NrbzRCdnhtS0xrK080RUtwUmlTN2lNd3M1eW1FRXJOTVlOUHo1YkZaakhsek8wcUlScUpGY3ZVcnF5UDd5SHQwbDQ4bFkzMDMyWCIsImtleXN0b3JlUGFzc3dvcmQiOiI2ZmEyYjkzYWZhNjE2OTM2MTdhYWY0MDIyNzk1MzAzZiIsImtleUFsaWFzIjoiOTczNTI5ODA1ZDZlNWZkZjFlNjM3ZmVmMzM3Mjg1YjMiLCJrZXlQYXNzd29yZCI6IjkxNzExMWU1ZDlkNGI1MDAyZWYxZmFkOTdlNTdmZTNjIn19fSwidXBkYXRlcyI6e30sInVzZXJuYW1lIjoiY2hpcGljaGFwYWNvcnAiLCJ2ZXJzaW9uIjp7InZlcnNpb25Db2RlIjoiNyJ9LCJleHBlcmltZW50YWwiOnt9LCJtb2RlIjoiYnVpbGQiLCJ0cmlnZ2VyZWRCeSI6IkVBU19DTEkiLCJhcHBJZCI6IjljYzMyNjM4LTI5Y2ItNDJlOS04ZThlLTQwMGRlNTYyNzhjNSIsImluaXRpYXRpbmdVc2VySWQiOiIyOWFlMWY0NS0yYmM0LTRiMDgtYjYyYy1iMDJiNjFlNDI0NTEifSwibWV0YWRhdGEiOnsidHJhY2tpbmdDb250ZXh0Ijp7InRyYWNraW5nX2lkIjoiOTE1ZmU4ZjYtODkwMS00NTA0LTg0ODEtYjgzZGMwY2E5OTljIiwicGxhdGZvcm0iOiJhbmRyb2lkIiwic2RrX3ZlcnNpb24iOiI1MS4wLjAiLCJhY2NvdW50X2lkIjoiMDdiMDA0MGItYmY3OC00NDAyLWE3MDEtNWFlYjg3ZmY0YTY2IiwicHJvamVjdF9pZCI6IjljYzMyNjM4LTI5Y2ItNDJlOS04ZThlLTQwMGRlNTYyNzhjNSIsInByb2plY3RfdHlwZSI6Im1hbmFnZWQiLCJkZXZfY2xpZW50IjpmYWxzZSwibm9fd2FpdCI6ZmFsc2UsInJ1bl9mcm9tX2NpIjpmYWxzZSwibG9jYWwiOnRydWV9LCJhcHBCdWlsZFZlcnNpb24iOiI3IiwiYXBwVmVyc2lvbiI6IjAuMS4wIiwiY2xpVmVyc2lvbiI6IjE2LjE4LjAiLCJ3b3JrZmxvdyI6Im1hbmFnZWQiLCJjcmVkZW50aWFsc1NvdXJjZSI6InJlbW90ZSIsInNka1ZlcnNpb24iOiI1MS4wLjAiLCJyZWFjdE5hdGl2ZVZlcnNpb24iOiIwLjc0LjUiLCJkaXN0cmlidXRpb24iOiJzdG9yZSIsImFwcE5hbWUiOiJSdXZpYSIsImFwcElkZW50aWZpZXIiOiJjb20ucnV2aWEuYXBwIiwiYnVpbGRQcm9maWxlIjoicHJvZHVjdGlvbiIsImdpdENvbW1pdEhhc2giOiIwNjYyOWI4YWM5MDZjYjM2ZGJkNTZhNWM4MTZkMWQ0NjAxYTk2ZmE1IiwiZ2l0Q29tbWl0TWVzc2FnZSI6ImNob3JlKGVudik6IHN0cmVhbWxpbmUgZXhhbXBsZTsgcmVtb3ZlIHVudXNlZCB2YXJzIiwiaXNHaXRXb3JraW5nVHJlZURpcnR5Ijp0cnVlLCJ1c2VybmFtZSI6ImNoaXBpY2hhcGFjb3JwIiwicnVuV2l0aE5vV2FpdEZsYWciOmZhbHNlLCJydW5Gcm9tQ0kiOmZhbHNlLCJkZXZlbG9wbWVudENsaWVudCI6ZmFsc2UsInJlcXVpcmVkUGFja2FnZU1hbmFnZXIiOiJucG0iLCJzaW11bGF0b3IiOmZhbHNlfX0= exited with non-zero code: 1
    Error: build command failed.
