Resolved "production" environment for the build. Learn more: https://docs.expo.dev/eas/environment-variables/#setting-the-environment-for-your-builds
No environment variables with visibility "Plain text" and "Sensitive" found for the "production" environment on EAS.

- Incrementing versionCode from 12 to 13.
âœ” Incremented versionCode from 12 to 13.
âœ” Using remote Android credentials (Expo server)
âœ” Using Keystore from configuration: Build Credentials BSe3p4EOqk (default)
ANDROID_NDK_HOME environment variable was not specified, continuing build without NDK
[SETUP_WORKINGDIR] Preparing workingdir /tmp/chelokot/eas-build-local-nodejs/ba93f97d-8269-4728-aab4-069716d7b773
[START_BUILD] Starting build
  "job": {
    "type": "managed",
    "platform": "android",
    "projectRootDirectory": ".",
    "projectArchive": {
      "type": "PATH",
      "path": "/tmp/chelokot/eas-cli-nodejs/6720d4e4-3010-4655-b6c6-123fc3b860bd.tar.gz"
    },
    "builderEnvironment": {
      "env": {
        "EAS_VERBOSE": "1"
      }
    },
    "cache": {
      "disabled": false,
      "paths": [],
      "clear": true
    },
    "updates": {},
    "username": "chipichapacorp",
    "version": {
      "versionCode": "13"
    },
    "experimental": {},
    "mode": "build",
    "triggeredBy": "EAS_CLI",
    "appId": "9cc32638-29cb-42e9-8e8e-400de56278c5",
    "initiatingUserId": "29ae1f45-2bc4-4b08-b62c-b02b61e42451"
  }
[READ_PACKAGE_JSON] Using package.json:
[READ_PACKAGE_JSON] {
  "name": "ruvia",
  "version": "0.1.0",
  "private": true,
  "main": "index.js",
  "scripts": {
    "prestart": "npm run generate:styles",
    "start": "expo start",
    "preandroid": "npm run generate:styles",
    "android": "expo run:android",
    "preios": "npm run generate:styles",
    "ios": "expo run:ios",
    "preweb": "npm run generate:styles",
    "web": "expo start --web",
    "test": "jest",
    "generate:styles": "node scripts/generate-styles.js",
    "images:webp": "node scripts/convert-to-webp.js",
    "expo:assets": "node scripts/generate-missing-expo-assets.js"
  },
  "dependencies": {
    "@react-native-async-storage/async-storage": "1.23.1",
    "expo": "~51.0.22",
    "expo-auth-session": "~5.5.2",
    "expo-camera": "~15.0.14",
    "expo-file-system": "~17.0.1",
    "expo-image-picker": "~15.1.0",
    "expo-linear-gradient": "~13.0.2",
    "expo-media-library": "~16.0.3",
    "expo-notifications": "~0.28.15",
    "expo-router": "~3.5.14",
    "expo-status-bar": "~1.12.1",
    "expo-web-browser": "~13.0.3",
    "firebase": "^10.12.2",
    "react": "18.2.0",
    "react-dom": "18.2.0",
    "react-native": "0.74.5",
    "react-native-gesture-handler": "~2.16.1",
    "react-native-reanimated": "~3.10.1",
    "react-native-safe-area-context": "4.10.5",
    "react-native-screens": "~3.31.1",
    "react-native-svg": "15.2.0",
    "react-native-web": "0.19.13",
    "sharp": "^0.33.5",
    "expo-constants": "~16.0.0",
    "expo-linking": "~6.3.0"
  },
  "devDependencies": {
    "@babel/core": "^7.25.2",
    "@testing-library/react-native": "^12.5.3",
    "@types/jest": "^29.5.12",
    "@types/react": "~18.2.79",
    "babel-jest": "^29.7.0",
    "jest": "^29.7.0",
    "react-test-renderer": "18.2.0",
    "typescript": "~5.3.3"
  },
  "jest": {
    "preset": "react-native",
    "setupFilesAfterEnv": [
      "<rootDir>/test/setup.ts"
    ],
    "transformIgnorePatterns": [
      "node_modules/(?!((jest-)?react-native|@react-native|react-clone-referenced-element|@react-native-community|expo(nent)?|@expo(nent)?/.*|expo-.*|@expo/.*|@unimodules/.*|unimodules|sentry-expo|native-base|react-native-svg|react-native-reanimated)/)"
    ]
  }
}
[INSTALL_DEPENDENCIES] Running "npm install" in /tmp/chelokot/eas-build-local-nodejs/ba93f97d-8269-4728-aab4-069716d7b773/build directory
[INSTALL_DEPENDENCIES] npm warn deprecated osenv@0.1.5: This package is no longer supported.
[INSTALL_DEPENDENCIES] npm warn deprecated inflight@1.0.6: This module is not supported, and leaks memory. Do not use it. Check out lru-cache if you want a good and tested way to coalesce async requests by a key value, which is much more comprehensive and powerful.
[INSTALL_DEPENDENCIES] npm warn deprecated @babel/plugin-proposal-optional-catch-binding@7.18.6: This proposal has been merged to the ECMAScript standard and thus this plugin is no longer maintained. Please use @babel/plugin-transform-optional-catch-binding instead.
[INSTALL_DEPENDENCIES] npm warn deprecated @babel/plugin-proposal-numeric-separator@7.18.6: This proposal has been merged to the ECMAScript standard and thus this plugin is no longer maintained. Please use @babel/plugin-transform-numeric-separator instead.
[INSTALL_DEPENDENCIES] npm warn deprecated @babel/plugin-proposal-class-properties@7.18.6: This proposal has been merged to the ECMAScript standard and thus this plugin is no longer maintained. Please use @babel/plugin-transform-class-properties instead.
[INSTALL_DEPENDENCIES] npm warn deprecated @babel/plugin-proposal-nullish-coalescing-operator@7.18.6: This proposal has been merged to the ECMAScript standard and thus this plugin is no longer maintained. Please use @babel/plugin-transform-nullish-coalescing-operator instead.
[INSTALL_DEPENDENCIES] npm warn deprecated @babel/plugin-proposal-logical-assignment-operators@7.20.7: This proposal has been merged to the ECMAScript standard and thus this plugin is no longer maintained. Please use @babel/plugin-transform-logical-assignment-operators instead.
[INSTALL_DEPENDENCIES] npm warn deprecated rimraf@2.6.3: Rimraf versions prior to v4 are no longer supported
[INSTALL_DEPENDENCIES] npm warn deprecated rimraf@3.0.2: Rimraf versions prior to v4 are no longer supported
[INSTALL_DEPENDENCIES] npm warn deprecated @babel/plugin-proposal-optional-chaining@7.21.0: This proposal has been merged to the ECMAScript standard and thus this plugin is no longer maintained. Please use @babel/plugin-transform-optional-chaining instead.
[INSTALL_DEPENDENCIES] npm warn deprecated @babel/plugin-proposal-async-generator-functions@7.20.7: This proposal has been merged to the ECMAScript standard and thus this plugin is no longer maintained. Please use @babel/plugin-transform-async-generator-functions instead.
[INSTALL_DEPENDENCIES] npm warn deprecated glob@7.2.3: Glob versions prior to v9 are no longer supported
[INSTALL_DEPENDENCIES] npm warn deprecated sudo-prompt@9.2.1: Package no longer supported. Contact Support at https://www.npmjs.com/support for more info.
[INSTALL_DEPENDENCIES] npm warn deprecated querystring@0.2.1: The querystring API is considered Legacy. new code should use the URLSearchParams API instead.
[INSTALL_DEPENDENCIES] npm warn deprecated @babel/plugin-proposal-object-rest-spread@7.20.7: This proposal has been merged to the ECMAScript standard and thus this plugin is no longer maintained. Please use @babel/plugin-transform-object-rest-spread instead.
[INSTALL_DEPENDENCIES] npm warn deprecated glob@7.1.6: Glob versions prior to v9 are no longer supported
[INSTALL_DEPENDENCIES] npm warn deprecated glob@7.1.6: Glob versions prior to v9 are no longer supported
[INSTALL_DEPENDENCIES] npm warn deprecated glob@7.1.6: Glob versions prior to v9 are no longer supported
[INSTALL_DEPENDENCIES] npm warn deprecated @xmldom/xmldom@0.7.13: this version is no longer supported, please update to at least 0.8.*
[INSTALL_DEPENDENCIES] added 1634 packages, and audited 1843 packages in 8s
[INSTALL_DEPENDENCIES] 256 packages are looking for funding
[INSTALL_DEPENDENCIES]   run `npm fund` for details
[INSTALL_DEPENDENCIES] 13 vulnerabilities (3 low, 10 moderate)
[INSTALL_DEPENDENCIES] 
[INSTALL_DEPENDENCIES] To address issues that do not require attention, run:
[INSTALL_DEPENDENCIES]   npm audit fix
[INSTALL_DEPENDENCIES] 
[INSTALL_DEPENDENCIES] To address all issues (including breaking changes), run:
[INSTALL_DEPENDENCIES]   npm audit fix --force
[INSTALL_DEPENDENCIES] 
[INSTALL_DEPENDENCIES] Run `npm audit` for details.
The NODE_ENV environment variable is required but was not specified. Ensure the project is bundled with Expo CLI or NODE_ENV is set.
Proceeding without mode-specific .env
[READ_APP_CONFIG] Using app configuration:
[READ_APP_CONFIG] {
  "name": "Ruvia",
  "slug": "ruvia",
  "scheme": "ruvia",
  "version": "0.1.0",
  "orientation": "portrait",
  "icon": "./assets/icon.png",
  "userInterfaceStyle": "dark",
  "web": {
    "bundler": "metro",
    "output": "static"
  },
  "plugins": [
    "expo-router",
    [
      "expo-notifications",
      {
        "icon": "./assets/notification-icon.png"
      }
    ],
    "expo-camera",
    "expo-media-library"
  ],
  "android": {
    "package": "com.ruvia.app",
    "permissions": [
      "android.permission.CAMERA",
      "android.permission.RECORD_AUDIO",
      "android.permission.READ_EXTERNAL_STORAGE",
      "android.permission.WRITE_EXTERNAL_STORAGE"
    ],
    "adaptiveIcon": {
      "foregroundImage": "./assets/adaptive-icon-foreground.png",
      "backgroundColor": "#000000",
      "monochromeImage": "./assets/adaptive-icon-monochrome.png"
    }
  },
  "extra": {
    "router": {
      "origin": false
    },
    "eas": {
      "projectId": "9cc32638-29cb-42e9-8e8e-400de56278c5"
    }
  },
  "owner": "chipichapacorp",
  "sdkVersion": "51.0.0",
  "platforms": [
    "ios",
    "android",
    "web"
  ]
}
[RUN_EXPO_DOCTOR] Running "expo doctor"
[RUN_EXPO_DOCTOR] Running 16 checks on your project...
[RUN_EXPO_DOCTOR] 16/16 checks passed. No issues detected!
[PREBUILD] - Creating native directory (./android)
[PREBUILD] âœ” Created native directory
[PREBUILD] - Updating package.json
[PREBUILD] âœ” Updated package.json | no changes
[PREBUILD] - Running prebuild
[PREBUILD] Â» android: userInterfaceStyle: Install expo-system-ui in your project to enable this feature.
[PREBUILD] - Running prebuild
[PREBUILD] âœ” Finished prebuild
[PREBUILD] Running "npm install" in /tmp/chelokot/eas-build-local-nodejs/ba93f97d-8269-4728-aab4-069716d7b773/build directory
[PREBUILD] up to date, audited 1843 packages in 2s
[PREBUILD] 256 packages are looking for funding
[PREBUILD]   run `npm fund` for details
[PREBUILD] 13 vulnerabilities (3 low, 10 moderate)
[PREBUILD] 
[PREBUILD] To address issues that do not require attention, run:
[PREBUILD]   npm audit fix
[PREBUILD] 
[PREBUILD] To address all issues (including breaking changes), run:
[PREBUILD]   npm audit fix --force
[PREBUILD] 
[PREBUILD] Run `npm audit` for details.
[PREPARE_CREDENTIALS] Writing secrets to the project's directory
[PREPARE_CREDENTIALS] Injecting signing config into build.gradle
[RUN_GRADLEW] Running 'gradlew :app:bundleRelease' in /tmp/chelokot/eas-build-local-nodejs/ba93f97d-8269-4728-aab4-069716d7b773/build/android
[RUN_GRADLEW] > Task :gradle-plugin:settings-plugin:checkKotlinGradlePluginConfigurationErrors
[RUN_GRADLEW] > Task :gradle-plugin:settings-plugin:pluginDescriptors
[RUN_GRADLEW] > Task :gradle-plugin:settings-plugin:processResources
[RUN_GRADLEW] > Task :gradle-plugin:settings-plugin:compileKotlin
[RUN_GRADLEW] > Task :gradle-plugin:settings-plugin:compileJava NO-SOURCE
[RUN_GRADLEW] > Task :gradle-plugin:settings-plugin:classes
[RUN_GRADLEW] > Task :gradle-plugin:settings-plugin:jar
[RUN_GRADLEW] > Task :gradle-plugin:react-native-gradle-plugin:checkKotlinGradlePluginConfigurationErrors
[RUN_GRADLEW] > Task :gradle-plugin:react-native-gradle-plugin:pluginDescriptors
[RUN_GRADLEW] > Task :gradle-plugin:react-native-gradle-plugin:processResources
[RUN_GRADLEW] > Task :gradle-plugin:react-native-gradle-plugin:compileKotlin
[RUN_GRADLEW] > Task :gradle-plugin:react-native-gradle-plugin:compileJava NO-SOURCE
[RUN_GRADLEW] > Task :gradle-plugin:react-native-gradle-plugin:classes
[RUN_GRADLEW] > Task :gradle-plugin:react-native-gradle-plugin:jar
[RUN_GRADLEW] > Configure project :expo
[RUN_GRADLEW] Using expo modules
[RUN_GRADLEW]   - [32mexpo-application[0m (5.9.1)
[RUN_GRADLEW]   - [32mexpo-asset[0m (10.0.10)
[RUN_GRADLEW]   - [32mexpo-camera[0m (15.0.16)
[RUN_GRADLEW]   - [32mexpo-constants[0m (16.0.2)
[RUN_GRADLEW]   - [32mexpo-crypto[0m (13.0.2)
[RUN_GRADLEW]   - [32mexpo-file-system[0m (17.0.1)
[RUN_GRADLEW] - [32mexpo-font[0m (12.0.10)
[RUN_GRADLEW]   - [32mexpo-image-loader[0m (4.7.0)
[RUN_GRADLEW]   - [32mexpo-image-picker[0m (15.1.0)
[RUN_GRADLEW]   - [32mexpo-keep-awake[0m (13.0.2)
[RUN_GRADLEW]   - [32mexpo-linear-gradient[0m (13.0.2)
[RUN_GRADLEW]   - [32mexpo-media-library[0m (16.0.5)
[RUN_GRADLEW]   - [32mexpo-modules-core[0m (1.12.26)
[RUN_GRADLEW]   - [32mexpo-notifications[0m (0.28.19)
[RUN_GRADLEW]   - [32mexpo-splash-screen[0m (0.27.7)
[RUN_GRADLEW]   - [32mexpo-web-browser[0m (13.0.3)
[RUN_GRADLEW] > Configure project :react-native-reanimated
[RUN_GRADLEW] Android gradle plugin: 8.2.1
[RUN_GRADLEW] Gradle: 8.8
[RUN_GRADLEW] > Task :app:createBundleReleaseJsAndAssets
[RUN_GRADLEW] Starting Metro Bundler
[RUN_GRADLEW] warning: Bundler cache is empty, rebuilding (this may take a minute)
[RUN_GRADLEW] Error: Unable to resolve module expo-in-app-purchases from /tmp/chelokot/eas-build-local-nodejs/ba93f97d-8269-4728-aab4-069716d7b773/build/src/screens/Purchase.tsx: expo-in-app-purchases could not be found within the project or in these directories:
[RUN_GRADLEW] node_modules
[RUN_GRADLEW] [0m [90m 116 |[39m       [36mif[39m ([33mPlatform[39m[33m.[39m[33mOS[39m [33m!==[39m [32m'android'[39m) [36mreturn[39m[33m;[39m
[RUN_GRADLEW]  [90m 117 |[39m       [36mtry[39m {
[RUN_GRADLEW] [31m[1m>[22m[39m[90m 118 |[39m         [36mconst[39m [33mInAppPurchases[39m [33m=[39m ([36mawait[39m [36mimport[39m([32m'expo-in-app-purchases'[39m))[33m.[39m[36mdefault[39m [33m?[39m[33m?[39m ([36mawait[39m [36mimport[39m([32m'expo-in-app-purchases'[39m))[33m;[39m
[RUN_GRADLEW]  [90m     |[39m                                                                                                  [31m[1m^[22m[39m
[RUN_GRADLEW]  [90m 119 |[39m         iapRef[33m.[39mcurrent [33m=[39m [33mInAppPurchases[39m[33m;[39m
[RUN_GRADLEW]  [90m 120 |[39m         [36mawait[39m [33mInAppPurchases[39m[33m.[39mconnectAsync()[33m;[39m
[RUN_GRADLEW]  [90m 121 |[39m         [36mconst[39m skus [33m=[39m [33mSTATIC_PLANS[39m[33m.[39mmap(p [33m=>[39m p[33m.[39msku)[33m;[39m[0m
[RUN_GRADLEW] Error: Unable to resolve module expo-in-app-purchases from /tmp/chelokot/eas-build-local-nodejs/ba93f97d-8269-4728-aab4-069716d7b773/build/src/screens/Purchase.tsx: expo-in-app-purchases could not be found within the project or in these directories:
[RUN_GRADLEW]   node_modules
[RUN_GRADLEW] [0m [90m 116 |[39m       [36mif[39m ([33mPlatform[39m[33m.[39m[33mOS[39m [33m!==[39m [32m'android'[39m) [36mreturn[39m[33m;[39m
[RUN_GRADLEW]  [90m 117 |[39m       [36mtry[39m {
[RUN_GRADLEW] [31m[1m>[22m[39m[90m 118 |[39m         [36mconst[39m [33mInAppPurchases[39m [33m=[39m ([36mawait[39m [36mimport[39m([32m'expo-in-app-purchases'[39m))[33m.[39m[36mdefault[39m [33m?[39m[33m?[39m ([36mawait[39m [36mimport[39m([32m'expo-in-app-purchases'[39m))[33m;[39m
[RUN_GRADLEW]  [90m     |[39m                                                                                                  [31m[1m^[22m[39m
[RUN_GRADLEW]  [90m 119 |[39m         iapRef[33m.[39mcurrent [33m=[39m [33mInAppPurchases[39m[33m;[39m
[RUN_GRADLEW]  [90m 120 |[39m         [36mawait[39m [33mInAppPurchases[39m[33m.[39mconnectAsync()[33m;[39m
[RUN_GRADLEW]  [90m 121 |[39m         [36mconst[39m skus [33m=[39m [33mSTATIC_PLANS[39m[33m.[39mmap(p [33m=>[39m p[33m.[39msku)[33m;[39m[0m
[RUN_GRADLEW]     at ModuleResolver.resolveDependency (/tmp/chelokot/eas-build-local-nodejs/ba93f97d-8269-4728-aab4-069716d7b773/build/node_modules/metro/src/node-haste/DependencyGraph/ModuleResolution.js:139:15)
[RUN_GRADLEW]     at DependencyGraph.resolveDependency (/tmp/chelokot/eas-build-local-nodejs/ba93f97d-8269-4728-aab4-069716d7b773/build/node_modules/metro/src/node-haste/DependencyGraph.js:232:43)
[RUN_GRADLEW]     at /tmp/chelokot/eas-build-local-nodejs/ba93f97d-8269-4728-aab4-069716d7b773/build/node_modules/metro/src/lib/transformHelpers.js:156:21
[RUN_GRADLEW]     at resolveDependencies (/tmp/chelokot/eas-build-local-nodejs/ba93f97d-8269-4728-aab4-069716d7b773/build/node_modules/metro/src/DeltaBundler/buildSubgraph.js:42:25)
[RUN_GRADLEW]     at visit (/tmp/chelokot/eas-build-local-nodejs/ba93f97d-8269-4728-aab4-069716d7b773/build/node_modules/metro/src/DeltaBundler/buildSubgraph.js:83:30)
[RUN_GRADLEW]     at processTicksAndRejections (node:internal/process/task_queues:105:5)
[RUN_GRADLEW]     at async Promise.all (index 1)
[RUN_GRADLEW]     at visit (/tmp/chelokot/eas-build-local-nodejs/ba93f97d-8269-4728-aab4-069716d7b773/build/node_modules/metro/src/DeltaBundler/buildSubgraph.js:92:5)
[RUN_GRADLEW]     at async Promise.all (index 9)
[RUN_GRADLEW] at visit (/tmp/chelokot/eas-build-local-nodejs/ba93f97d-8269-4728-aab4-069716d7b773/build/node_modules/metro/src/DeltaBundler/buildSubgraph.js:92:5)
[RUN_GRADLEW] > Task :app:createBundleReleaseJsAndAssets FAILED
[RUN_GRADLEW] FAILURE:
[RUN_GRADLEW] Build failed with an exception.
[RUN_GRADLEW] * What went wrong:
[RUN_GRADLEW] Execution failed for task ':app:createBundleReleaseJsAndAssets'.
[RUN_GRADLEW] > Process 'command 'node'' finished with non-zero exit value 1
[RUN_GRADLEW] * Try:
[RUN_GRADLEW] > Run with --stacktrace option to get the stack trace.
[RUN_GRADLEW] > Run with --info or --debug option to get more log output.
[RUN_GRADLEW] > Run with --scan to get full insights.
[RUN_GRADLEW] > Get more help at https://help.gradle.org.
[RUN_GRADLEW] Deprecated Gradle features were used in this build, making it incompatible with Gradle 9.0.
[RUN_GRADLEW] You can use '--warning-mode all' to show the individual deprecation warnings and determine if they come from your own scripts or plugins.
[RUN_GRADLEW] For more on this, please refer to https://docs.gradle.org/8.8/userguide/command_line_interface.html#sec:command_line_warnings in the Gradle documentation.
[RUN_GRADLEW] 11 actionable tasks: 11 executed
[RUN_GRADLEW] BUILD FAILED in 29s
[RUN_GRADLEW] Error: Gradle build failed with unknown error. See logs for the "Run gradlew" phase for more information.

Build failed
Gradle build failed with unknown error. See logs for the "Run gradlew" phase for more information.
npx -y eas-cli-local-build-plugin@1.0.171 eyJqb2IiOnsidHlwZSI6Im1hbmFnZWQiLCJwbGF0Zm9ybSI6ImFuZHJvaWQiLCJwcm9qZWN0Um9vdERpcmVjdG9yeSI6Ii4iLCJwcm9qZWN0QXJjaGl2ZSI6eyJ0eXBlIjoiUEFUSCIsInBhdGgiOiIvdG1wL2NoZWxva290L2Vhcy1jbGktbm9kZWpzLzY3MjBkNGU0LTMwMTAtNDY1NS1iNmM2LTEyM2ZjM2I4NjBiZC50YXIuZ3oifSwiYnVpbGRlckVudmlyb25tZW50Ijp7ImVudiI6eyJFQVNfVkVSQk9TRSI6IjEifX0sImNhY2hlIjp7ImRpc2FibGVkIjpmYWxzZSwicGF0aHMiOltdLCJjbGVhciI6dHJ1ZX0sInNlY3JldHMiOnsiYnVpbGRDcmVkZW50aWFscyI6eyJrZXlzdG9yZSI6eyJkYXRhQmFzZTY0IjoiL3UzKzdRQUFBQUlBQUFBQkFBQUFBUUFnT1Rjek5USTVPREExWkRabE5XWmtaakZsTmpNM1ptVm1Nek0zTWpnMVlqTUFBQUdZLzQ1R0xBQUFCUDR3Z2dUNk1Bd0dDaXNHQVFRQktnSVJBUUVFZ2dUb3NiMWtGUldwTjAyaXRKTVp0aDRGM1lxV0JETmdWY2Q2REI2eVltZ2Q2OEJMMHc3QnU0V0tZd3QxeDFCOVZTKy90ekE3T2FVK1h2dlVCWWIxZ3ZhZXFyYmFNRFdjQVVGaWc4b0huVURGSG5OOTdXZktBNjJPbDFLOXcxcVkxRWxXOXpjNVhOc1NjRjhQY0dmcjBwaGxJTFRzRHJFSjRzblJHWGpsdGIvZzgyUzVEUXFGQ1Z6SlVrd1BodFJtak1vQUNUZUppUnI3aDRwMXJxTkxlMGNsa3FJOFhnN294dWtaaDB6cFhtSFZwU3JHWG1mUkovV0dVWGU3WmxZbW1jeTdQckQ2Yzg0dnVNMi9qb3p5M1IyMk9VOHAwN1V5K0UrQzhoQVlpVWlSczVyT2NKSkdvSmphelo2eExzUmFsNlJ1L0RCbTRxamhHa1JjS1Z2b2ZST1N0ZW1XbWlEQ2xnVFVDcHB2ODhyZ1MyTHI5QUFRWmVvakFJbkc0TFhhMm92eDVSMlJHcUVTU05IQmo3cDh3OHpmSFJBcERuRk9IOXhtaEtIVGhoQ01WY3F1ZmJhRXNxaFlDWkRHd210dkVxL09QcytIaWNmclhhNzNXR2NJOGxQRGYxN2YvVVI0Z21JVHVUQUJJQkJ0aDhqSFI4ZE5yZjhHZmdyWmdZR0hmRTBoYmZyTU9IOUVMYnJqOEd3azRqNFByMkNBcTJLZGJpaFlPKzdCVWNtS0ZVQzhjVDZ4eEVOdHkzMmZrWFJ3KzY5STJ1c2UzcE9uMm1WaGNBaTE5Y2dGeHIraEdlZHVvVUF5OFJiZ01FZ0gxVGthUnVCL2RYV25EbzhQU1NBaDRoL0NxTTI4ZTZSN05jem1zVGdteFN4UlpYUmdlUmlaMFVJenM0d2ovNGFLS2JZR1BNeENsWkRmUkZEbEZHWFJ6S2tRWmgveE5QN1l0YmpPRE1xaThaZTB6b0RjK0V4WnJZeFMvM0Rhb3luSGM2SDJ3T1MzNU8xdEJ5ZTVyZHhqOHhFU3NucWhyTU8yZkhheW5lQkdwQW9rR2dIb1grWjhIL21QZTFFR0ROL3ZEaVU5ZEVlNUdCZ09MUFJaUGdlS2tSNVlRa0hUSlFUdVFuOTBxNW5VZXJENVVJNGdBVFRiUG5Ya1RtdTVQNWdmYjZMVUxnV1FzTlluOExkeExoWlEvd1VweGJ6YWJnQVI3Qk1weFNBZlFuR1hzTmNsUVg5ZWcrL0daWlM3V09BU0xFNXVPSUlpZ2UzbFhWcjcrYUpLcGo4MzBkY05tQUJWbSs3R25MUy9WMWFMckJ2Yjh0am9ZNU1xdm9kd05VNGJlaUY4VzYzbEhLbHc3RHBhNjhsL0RROGZjNlRtdThHRXRpSWkwNmtNeVRyYU0xTVRGeHh6STAwaW1iV3BCaDZUT1Bqc2FzbHI5MTFaakM1U0NiNFM3K2s0TFViUjRWVWtOaUt5Tk9uQ0pVM3VBUEZnMlo1Rzc1QktxVVZ4UVdtMkpSb0psRW5KY0RuVUd2QnJLV1c3bDRDbXBRc2IxU0N0dnlXdHZnUUpsZDlFVFJOSTdiczR0NStDa3htVE0xMVIvSjJpcjB3Sjh0Qmk3dnp4MUxtRlYzQ1FzY0cyMnlNS3pTeUFjN3BRQlkrVDBiZ2N0K0gwa21lYWZaSm9uSHkrM1ZxK0FIQUpCT2NXNklxRXViazdtS3haNnViWlRxQnZZeFEycDJudDdGalMwdktoL2Rpc29vS3F5ZmdMR09xM0lySFNSMXRYZ2s3T2pZaVJvR3d5eUZkdjV6VTBUSHVVSUhxdjExRWFhYzBSVDJrN2FiRk9vQUZkWFArekFzYXRuaXRkRmdZS2xwMXlNeWFNb3RxSm0zc1o2THJuZnFyZnVYbjd4RXJMTGFrZWlrZUcvbk9nTkpQcklwTUFSZlhLNDdmcU5HRS9ETkFlUnhIUExnTDRxWVFRWC9aMlZtVjdmQWlrSm1mV05ZbkIrU3grZThSRnczb2dnSXlrSnRIOW0zRGliNEdGNXFyVFBmZldsZkI5OGJLTTRHQ0xQRHY4NldIb3JwTHpXOWVlWm1LTU54aTRveDd6Z1BhRy9BTnZRTitMWnhOSDNvNTljWmdNNEY0VWdETG5Vbm0rYWVpK2poTkY1VUh3TXczbWpqbkg1U1JkVnZDcjdrNXdFV1FoL3orakFMaWVFWkhKNzY1aU8zYkZWNDlidkpydHJNTU5aeDBBQUFBQkFBVllMalV3T1FBQUF6SXdnZ011TUlJQ0ZxQURBZ0VDQWdrQW1waElFczRPZk4wd0RRWUpLb1pJaHZjTkFRRU1CUUF3UkRFTE1Ba0dBMVVFQmhNQ1ZWTXhDVEFIQmdOVkJBZ1RBREVKTUFjR0ExVUVCeE1BTVFrd0J3WURWUVFLRXdBeENUQUhCZ05WQkFzVEFERUpNQWNHQTFVRUF4TUFNQ0FYRFRJMU1EZ3pNVEE1TlRZeE1Gb1lEekl3TlRNd01URTJNRGsxTmpFd1dqQkVNUXN3Q1FZRFZRUUdFd0pWVXpFSk1BY0dBMVVFQ0JNQU1Ra3dCd1lEVlFRSEV3QXhDVEFIQmdOVkJBb1RBREVKTUFjR0ExVUVDeE1BTVFrd0J3WURWUVFERXdBd2dnRWlNQTBHQ1NxR1NJYjNEUUVCQVFVQUE0SUJEd0F3Z2dFS0FvSUJBUUN3UElnQ2NIZlIyR0FhNzFHNSt6aUI1Mnc2ZVIycEROT2tKYUUyRG96U0lNYWU0WEc1YnlyTndBYjZCNGh0M081dWhyWE9XT08rMURmUVZwV3BXUFRwMjIvWXY1L1RlUi9sams1WWgyeDMwZkRadmNrN3NyaUcrSlFMa204cWIra001SFNFNlZTUjIwRHp6QlRvZ1QzRDJ5bXpHRU1VT3lkL05RQ0xOK00wVmZDZXlYSVltcnJtOFRlSHROallhQzdIWlB3NS9WOXZSOWVlbEZ1QmJVUDFqNXJIVE1nblBLQUJyWnVvWFhVV3RqYW1YMEhVeVFoU0xjYnc5YllMdTlYYWhyd0ppUHNzbWMwY2JndXRScXJBMWRYdUxLUndTS0tOQ0hHZHB5WkRTMGUvdkVJcE9tVkorWDIzNW0zN2xNUEZNd2RYTitzWGVWTVVCNjM0V3M0VEFnTUJBQUdqSVRBZk1CMEdBMVVkRGdRV0JCVE1Ec0NsNzNWd0FXd2dXeDZwaGdlS1dKdVRrREFOQmdrcWhraUc5dzBCQVF3RkFBT0NBUUVBT2l6Qnk5cjl3SllKZUxvS24xbklYYVZlUEhveDhvZEZtV0dpbTMyY1RZaWRkbmdNdTJIWjRmc29LdjVxc0Y3KzVOc0U2amRzQjljQmk3Nk9pN3RKYUZWSmJrMUJqWXRWVkNNMDE0RnJHck5QK3hHaytxdWJuL0RlaThvUmNGWFUzMnEzQU9aRFk1YVdFKzdwRCtzOWNMejBGTUZxaGlsUTc0WEJhNEVOdXMwbHJ5OEJaU2o5L0pJTXpROVg1VVhsWGFiMkNhR1N1UlV3azNoczYvVTVGOVhDdGxjYUx2WHpMQkFhMitaVzU0VWR4NmxSbjY2UGN5cVZ2b1FidlVLYzMyL1Q5ajdMZjllbGdTcmdPYU51NG5MTGFnTGd0SHV4ZnBEb0Nja280QnZ4bUtMaytPNEVLcFJpUzdpTXdzNXltRUVyTk1ZTlB6NWJGWmpIbHpPMHFJUnFKRmN2VXJxeVA3eUh0MGw0OGxZMzAzMlgiLCJrZXlzdG9yZVBhc3N3b3JkIjoiNmZhMmI5M2FmYTYxNjkzNjE3YWFmNDAyMjc5NTMwM2YiLCJrZXlBbGlhcyI6Ijk3MzUyOTgwNWQ2ZTVmZGYxZTYzN2ZlZjMzNzI4NWIzIiwia2V5UGFzc3dvcmQiOiI5MTcxMTFlNWQ5ZDRiNTAwMmVmMWZhZDk3ZTU3ZmUzYyJ9fX0sInVwZGF0ZXMiOnt9LCJ1c2VybmFtZSI6ImNoaXBpY2hhcGFjb3JwIiwidmVyc2lvbiI6eyJ2ZXJzaW9uQ29kZSI6IjEzIn0sImV4cGVyaW1lbnRhbCI6e30sIm1vZGUiOiJidWlsZCIsInRyaWdnZXJlZEJ5IjoiRUFTX0NMSSIsImFwcElkIjoiOWNjMzI2MzgtMjljYi00MmU5LThlOGUtNDAwZGU1NjI3OGM1IiwiaW5pdGlhdGluZ1VzZXJJZCI6IjI5YWUxZjQ1LTJiYzQtNGIwOC1iNjJjLWIwMmI2MWU0MjQ1MSJ9LCJtZXRhZGF0YSI6eyJ0cmFja2luZ0NvbnRleHQiOnsidHJhY2tpbmdfaWQiOiI5YTIzMTVhOC02MjE5LTRhMDMtYjE2NS03MjRhMGQzN2JiMGYiLCJwbGF0Zm9ybSI6ImFuZHJvaWQiLCJzZGtfdmVyc2lvbiI6IjUxLjAuMCIsImFjY291bnRfaWQiOiIwN2IwMDQwYi1iZjc4LTQ0MDItYTcwMS01YWViODdmZjRhNjYiLCJwcm9qZWN0X2lkIjoiOWNjMzI2MzgtMjljYi00MmU5LThlOGUtNDAwZGU1NjI3OGM1IiwicHJvamVjdF90eXBlIjoibWFuYWdlZCIsImRldl9jbGllbnQiOmZhbHNlLCJub193YWl0IjpmYWxzZSwicnVuX2Zyb21fY2kiOmZhbHNlLCJsb2NhbCI6dHJ1ZX0sImFwcEJ1aWxkVmVyc2lvbiI6IjEzIiwiYXBwVmVyc2lvbiI6IjAuMS4wIiwiY2xpVmVyc2lvbiI6IjE2LjE4LjAiLCJ3b3JrZmxvdyI6Im1hbmFnZWQiLCJjcmVkZW50aWFsc1NvdXJjZSI6InJlbW90ZSIsInNka1ZlcnNpb24iOiI1MS4wLjAiLCJyZWFjdE5hdGl2ZVZlcnNpb24iOiIwLjc0LjUiLCJkaXN0cmlidXRpb24iOiJzdG9yZSIsImFwcE5hbWUiOiJSdXZpYSIsImFwcElkZW50aWZpZXIiOiJjb20ucnV2aWEuYXBwIiwiYnVpbGRQcm9maWxlIjoicHJvZHVjdGlvbiIsImdpdENvbW1pdEhhc2giOiIwNjYyOWI4YWM5MDZjYjM2ZGJkNTZhNWM4MTZkMWQ0NjAxYTk2ZmE1IiwiZ2l0Q29tbWl0TWVzc2FnZSI6ImNob3JlKGVudik6IHN0cmVhbWxpbmUgZXhhbXBsZTsgcmVtb3ZlIHVudXNlZCB2YXJzIiwiaXNHaXRXb3JraW5nVHJlZURpcnR5Ijp0cnVlLCJ1c2VybmFtZSI6ImNoaXBpY2hhcGFjb3JwIiwicnVuV2l0aE5vV2FpdEZsYWciOmZhbHNlLCJydW5Gcm9tQ0kiOmZhbHNlLCJkZXZlbG9wbWVudENsaWVudCI6ZmFsc2UsInJlcXVpcmVkUGFja2FnZU1hbmFnZXIiOiJucG0iLCJzaW11bGF0b3IiOmZhbHNlfX0= exited with non-zero code: 1
    Error: build command failed.
